warning: Git tree '/home/nossea/Nixos/nixos-config' is dirty
building the system configuration...
warning: Git tree '/home/nossea/Nixos/nixos-config' is dirty
these 50 derivations will be built:
  /nix/store/binz9cihgi3niryy9ni3320mqq5zkj79-builder.pl.drv
  /nix/store/kshlv99p4vxq1307bvk43311did71hrn-dummy-xdg-mime-dirs1.drv
  /nix/store/ls7xvqz5dx616njrpvaa5350q36yfh03-dummy-xdg-mime-dirs2.drv
  /nix/store/gd3zl26prb7rh8mhk1cjgfrzhi3spxdy-home-manager-path.drv
  /nix/store/0hj5rpq1nf0341n8935fj0gj9sh1kw9m-activation-script.drv
  /nix/store/cxi90c8kin2lzfzczq1hdy34m10432ir-steam-run-usr-target.drv
  /nix/store/hqvqj2mj0l6xzsyn612bza0y7fdaprkw-steam-run-fhs.drv
  /nix/store/g1kaysivhayhr1rvqcz47knyc2krd3vy-steam-run-bwrap.drv
  /nix/store/agr94pz0wdiis0qg75h77pv94wvjim8m-steam-run.drv
  /nix/store/1yi823fn4zw9ia1ibyhjc59rjnyp7cks-steam-usr-target.drv
  /nix/store/wjq3yfkf1yh68fa4z32pccnggpzs9p7l-steam-fhs.drv
  /nix/store/x7db0jq1803vwdn2zg7ka8si27wnc24c-steam-bwrap.drv
  /nix/store/mjg7q263mw4a19ns6qkqbaq5zmw9dc5k-steam.drv
  /nix/store/13hjh1a12ilg5lwly6whf45hran8brvb-system-path.drv
  /nix/store/jynhsxxad2s2gn6qyx7xlbdw33lbc2x9-dbus-1.drv
  /nix/store/0yvilps01qqr4pxgzaxfjhcf372f0isl-X-Restart-Triggers-dbus.drv
  /nix/store/19m37dqybiqxza0dlasip9q2i5n2hg2c-unit-console-getty.service-disabled.drv
  /nix/store/a97yr8ix096i7mbw3fvrfrxh9vly8ds0-home-manager-files.drv
  /nix/store/rrsnf95azpnnfng17aw04rjn6aka63fd-home-manager-generation.drv
  /nix/store/1fc90mc2m5ap06bb4lj7yx8zs6x6qg6r-unit-home-manager-nossea.service.drv
  /nix/store/25p4qy2m7jigsgwdzmxg1v7j9czsindh-ensure-all-wrappers-paths-exist.drv
  /nix/store/4rcbmdc368r7179z4p3hw26368hsrcf5-X-Restart-Triggers-polkit.drv
  /nix/store/4sk5mgscz6yk8illp65jvkikrnz10cvr-unit-pipewire.service-disabled.drv
  /nix/store/9jriiciirz1l3px7d2n9r2pcqrdznc73-tmpfiles.d.drv
  /nix/store/9jvalfccsa9k2invdjhg59jy2m8v248x-user-generators.drv
  /nix/store/ldrks53r09x51ndmypf3h1z3v9pm72g6-unit-dbus.service.drv
  /nix/store/qygxz7xh1nimn0l9yav157yinw2zpy4y-unit-accounts-daemon.service.drv
  /nix/store/ras17bn4xkd15qj24ajmd52pc7csp0h7-unit-wireplumber.service-disabled.drv
  /nix/store/rjlf06lms700skcsc8z3aziajalz5rwd-unit-polkit.service.drv
  /nix/store/sxx5y54bns2qa45yw9xgr1n020yx53p8-unit-pipewire.socket-disabled.drv
  /nix/store/x72nqxz4w53iz1gkgibznb79a4gqswhp-X-Restart-Triggers-systemd-tmpfiles-resetup.drv
  /nix/store/y4rlc792xaq9sgnnc8bfb8z9ggilnvpw-unit-systemd-tmpfiles-resetup.service.drv
  /nix/store/gb6lra1003z5nr01wrp0dk64ikry1653-system-units.drv
  /nix/store/wwp5gnqhyb5g1vmlswkqlfw339bq9mjn-desktops.drv
  /nix/store/hra5ncpc2dvfxv0lcayihmn4d8rrx4l3-etc-pam-environment.drv
  /nix/store/j8df8nf0jpc02pfs251wi6q8dfpb0l8r-boot.json.drv
  /nix/store/jlykjlx392zxdicpx3xgfcllfzzrp4gm-unit-dbus.service.drv
  /nix/store/k2qdb3rg2jihx34rqivnhgw26wflwjsb-stage-2-init.sh.drv
  /nix/store/jsrybakdg70z727rmwy1wsc8svxzjlb8-user-environment.drv
  /nix/store/lwdy0qja361m3c5pfpvgczshn0spqlax-system-generators.drv
  /nix/store/m8rydw7yqsxi8zcv13k993af3l2h6348-system-shutdown.drv
  /nix/store/scb0a9iygq2kmrqzyzz4hlwjiwd13d56-xserver.conf.drv
  /nix/store/rqana04fkrfw01pz1cs5mf6rrmsn0hhz-xserver-wrapper.drv
  /nix/store/rldlix5mz3b7ibvkjxnhzmqhzxdnsqlk-sddm.conf.drv
  /nix/store/vgcn9rmslwrp4cr3zsx24ahhw2msv865-fontconfig-etc.drv
  /nix/store/x6l9mlq76xmcyak91vjkhdcwrrxyl974-set-environment.drv
  /nix/store/w0s344yf577pv6clksdjgs1z8f8gh425-etc-profile.drv
  /nix/store/w54dp0ljgzasb0qc28ykx42h1ma1dvym-user-units.drv
  /nix/store/lrjd32f0avqd6n3gxp9scg5xcqsv08mv-etc.drv
  /nix/store/jqfzp4445gqrmzskjf73qhrl7qr9b6fy-nixos-system-nixos-24.11.20240622.a71e967.drv
these 20 paths will be fetched (52.09 MiB download, 141.68 MiB unpacked):
  /nix/store/y95kvxz3qjm7m6hmy0x6q60zcjc44y8r-ags-1.8.2
  /nix/store/cgjiaghzkaiqwzlmzcqpb35nvh2dv3k6-fc-00-nixos-cache.conf
  /nix/store/qipfhk0phb6vjzfpiwkjl62pzpmw0saw-fc-cache
  /nix/store/qkkbsmvg3sds2kmip5np9l0ia3ydrjcy-ffmpeg-6.1.1
  /nix/store/qcqmiq1mb3pkk2bxbj6d6gb2fk9knk8l-file-5.45
  /nix/store/92h6d59m032w3m95na0ina8z4bjb7id2-fontconfig-conf
  /nix/store/5qqc6fxr2s2rbpn60s8mg4fc7k1jra80-getconf-glibc-2.39-52
  /nix/store/a2y5zkghlzcjxdr7phgck417adj3jrrv-gnome-bluetooth-46.0
  /nix/store/mzg9fi1jl69kvf979axsbfsi1wzay53c-gnu-config-2024-01-01
  /nix/store/18z454gyz0wpb641rw6gpqk0vi4wbxy6-gnumake-4.4.1
  /nix/store/5d66370kp3qnz2igczz3wfmlsip5fphj-hyprland-0.41.1
  /nix/store/v1zxgy5b400ln4rh86i123w7g5468zjf-hyprland-0.41.1-man
  /nix/store/9i89zpv5sh4m0j4srgfzwliziaqwafsj-hyprutils-0.1.4
  /nix/store/pdqndw2kgjv8l3kd5ii0c833jqmxdanq-patchelf-0.15.0
  /nix/store/5gl8z4mxbfx4x4r5lamq9ccv4n7l6f1i-stdenv-linux
  /nix/store/6262441h3k2l8ylffp6xzn0srd06jm9g-systemd-default-tmpfiles
  /nix/store/2r69nras69qj9l9fbyj0cr16sivbig2w-texinfo-7.0.3
  /nix/store/zls41s2455b6pw5d35sslf6v3gvz9349-update-autotools-gnu-config-scripts-hook
  /nix/store/yyfimab4xswz2l75dj1kqlpq1xbsm91g-xdg-desktop-portal-hyprland-1.3.2
  /nix/store/p8ksv8l5imqqjp3dp5q6qyagz1l18wsj-xkb-validated
copying path '/nix/store/p8ksv8l5imqqjp3dp5q6qyagz1l18wsj-xkb-validated' from 'https://cache.nixos.org'...
copying path '/nix/store/v1zxgy5b400ln4rh86i123w7g5468zjf-hyprland-0.41.1-man' from 'https://cache.nixos.org'...
copying path '/nix/store/mzg9fi1jl69kvf979axsbfsi1wzay53c-gnu-config-2024-01-01' from 'https://cache.nixos.org'...
copying path '/nix/store/qcqmiq1mb3pkk2bxbj6d6gb2fk9knk8l-file-5.45' from 'https://cache.nixos.org'...
copying path '/nix/store/5qqc6fxr2s2rbpn60s8mg4fc7k1jra80-getconf-glibc-2.39-52' from 'https://cache.nixos.org'...
copying path '/nix/store/18z454gyz0wpb641rw6gpqk0vi4wbxy6-gnumake-4.4.1' from 'https://cache.nixos.org'...
copying path '/nix/store/pdqndw2kgjv8l3kd5ii0c833jqmxdanq-patchelf-0.15.0' from 'https://cache.nixos.org'...
copying path '/nix/store/2r69nras69qj9l9fbyj0cr16sivbig2w-texinfo-7.0.3' from 'https://cache.nixos.org'...
copying path '/nix/store/a2y5zkghlzcjxdr7phgck417adj3jrrv-gnome-bluetooth-46.0' from 'https://cache.nixos.org'...
copying path '/nix/store/9i89zpv5sh4m0j4srgfzwliziaqwafsj-hyprutils-0.1.4' from 'https://cache.nixos.org'...
copying path '/nix/store/6262441h3k2l8ylffp6xzn0srd06jm9g-systemd-default-tmpfiles' from 'https://cache.nixos.org'...
copying path '/nix/store/qkkbsmvg3sds2kmip5np9l0ia3ydrjcy-ffmpeg-6.1.1' from 'https://cache.nixos.org'...
copying path '/nix/store/qipfhk0phb6vjzfpiwkjl62pzpmw0saw-fc-cache' from 'https://cache.nixos.org'...
copying path '/nix/store/y95kvxz3qjm7m6hmy0x6q60zcjc44y8r-ags-1.8.2' from 'https://cache.nixos.org'...
copying path '/nix/store/5d66370kp3qnz2igczz3wfmlsip5fphj-hyprland-0.41.1' from 'https://cache.nixos.org'...
copying path '/nix/store/zls41s2455b6pw5d35sslf6v3gvz9349-update-autotools-gnu-config-scripts-hook' from 'https://cache.nixos.org'...
copying path '/nix/store/5gl8z4mxbfx4x4r5lamq9ccv4n7l6f1i-stdenv-linux' from 'https://cache.nixos.org'...
building '/nix/store/j8df8nf0jpc02pfs251wi6q8dfpb0l8r-boot.json.drv'...
building '/nix/store/binz9cihgi3niryy9ni3320mqq5zkj79-builder.pl.drv'...
building '/nix/store/kshlv99p4vxq1307bvk43311did71hrn-dummy-xdg-mime-dirs1.drv'...
building '/nix/store/ls7xvqz5dx616njrpvaa5350q36yfh03-dummy-xdg-mime-dirs2.drv'...
building '/nix/store/25p4qy2m7jigsgwdzmxg1v7j9czsindh-ensure-all-wrappers-paths-exist.drv'...
building '/nix/store/a97yr8ix096i7mbw3fvrfrxh9vly8ds0-home-manager-files.drv'...
building '/nix/store/k2qdb3rg2jihx34rqivnhgw26wflwjsb-stage-2-init.sh.drv'...
building '/nix/store/9jriiciirz1l3px7d2n9r2pcqrdznc73-tmpfiles.d.drv'...
building '/nix/store/19m37dqybiqxza0dlasip9q2i5n2hg2c-unit-console-getty.service-disabled.drv'...
building '/nix/store/4sk5mgscz6yk8illp65jvkikrnz10cvr-unit-pipewire.service-disabled.drv'...
building '/nix/store/sxx5y54bns2qa45yw9xgr1n020yx53p8-unit-pipewire.socket-disabled.drv'...
building '/nix/store/ras17bn4xkd15qj24ajmd52pc7csp0h7-unit-wireplumber.service-disabled.drv'...
copying path '/nix/store/cgjiaghzkaiqwzlmzcqpb35nvh2dv3k6-fc-00-nixos-cache.conf' from 'https://cache.nixos.org'...
building '/nix/store/scb0a9iygq2kmrqzyzz4hlwjiwd13d56-xserver.conf.drv'...
building '/nix/store/x72nqxz4w53iz1gkgibznb79a4gqswhp-X-Restart-Triggers-systemd-tmpfiles-resetup.drv'...
building '/nix/store/cxi90c8kin2lzfzczq1hdy34m10432ir-steam-run-usr-target.drv'...
building '/nix/store/1yi823fn4zw9ia1ibyhjc59rjnyp7cks-steam-usr-target.drv'...
building '/nix/store/jsrybakdg70z727rmwy1wsc8svxzjlb8-user-environment.drv'...
copying path '/nix/store/yyfimab4xswz2l75dj1kqlpq1xbsm91g-xdg-desktop-portal-hyprland-1.3.2' from 'https://cache.nixos.org'...
copying path '/nix/store/92h6d59m032w3m95na0ina8z4bjb7id2-fontconfig-conf' from 'https://cache.nixos.org'...
building '/nix/store/y4rlc792xaq9sgnnc8bfb8z9ggilnvpw-unit-systemd-tmpfiles-resetup.service.drv'...
building '/nix/store/rqana04fkrfw01pz1cs5mf6rrmsn0hhz-xserver-wrapper.drv'...
building '/nix/store/wwp5gnqhyb5g1vmlswkqlfw339bq9mjn-desktops.drv'...
building '/nix/store/gd3zl26prb7rh8mhk1cjgfrzhi3spxdy-home-manager-path.drv'...
building '/nix/store/hra5ncpc2dvfxv0lcayihmn4d8rrx4l3-etc-pam-environment.drv'...
building '/nix/store/rldlix5mz3b7ibvkjxnhzmqhzxdnsqlk-sddm.conf.drv'...
building '/nix/store/x6l9mlq76xmcyak91vjkhdcwrrxyl974-set-environment.drv'...
building '/nix/store/vgcn9rmslwrp4cr3zsx24ahhw2msv865-fontconfig-etc.drv'...
building '/nix/store/lwdy0qja361m3c5pfpvgczshn0spqlax-system-generators.drv'...
building '/nix/store/m8rydw7yqsxi8zcv13k993af3l2h6348-system-shutdown.drv'...
building '/nix/store/9jvalfccsa9k2invdjhg59jy2m8v248x-user-generators.drv'...
building '/nix/store/w0s344yf577pv6clksdjgs1z8f8gh425-etc-profile.drv'...
building '/nix/store/0hj5rpq1nf0341n8935fj0gj9sh1kw9m-activation-script.drv'...
building '/nix/store/rrsnf95azpnnfng17aw04rjn6aka63fd-home-manager-generation.drv'...
building '/nix/store/1fc90mc2m5ap06bb4lj7yx8zs6x6qg6r-unit-home-manager-nossea.service.drv'...
building '/nix/store/wjq3yfkf1yh68fa4z32pccnggpzs9p7l-steam-fhs.drv'...
building '/nix/store/hqvqj2mj0l6xzsyn612bza0y7fdaprkw-steam-run-fhs.drv'...
building '/nix/store/x7db0jq1803vwdn2zg7ka8si27wnc24c-steam-bwrap.drv'...
building '/nix/store/g1kaysivhayhr1rvqcz47knyc2krd3vy-steam-run-bwrap.drv'...
building '/nix/store/mjg7q263mw4a19ns6qkqbaq5zmw9dc5k-steam.drv'...
building '/nix/store/agr94pz0wdiis0qg75h77pv94wvjim8m-steam-run.drv'...
building '/nix/store/13hjh1a12ilg5lwly6whf45hran8brvb-system-path.drv'...
building '/nix/store/4rcbmdc368r7179z4p3hw26368hsrcf5-X-Restart-Triggers-polkit.drv'...
building '/nix/store/jynhsxxad2s2gn6qyx7xlbdw33lbc2x9-dbus-1.drv'...
building '/nix/store/qygxz7xh1nimn0l9yav157yinw2zpy4y-unit-accounts-daemon.service.drv'...
building '/nix/store/0yvilps01qqr4pxgzaxfjhcf372f0isl-X-Restart-Triggers-dbus.drv'...
building '/nix/store/rjlf06lms700skcsc8z3aziajalz5rwd-unit-polkit.service.drv'...
building '/nix/store/jlykjlx392zxdicpx3xgfcllfzzrp4gm-unit-dbus.service.drv'...
building '/nix/store/ldrks53r09x51ndmypf3h1z3v9pm72g6-unit-dbus.service.drv'...
building '/nix/store/w54dp0ljgzasb0qc28ykx42h1ma1dvym-user-units.drv'...
building '/nix/store/gb6lra1003z5nr01wrp0dk64ikry1653-system-units.drv'...
building '/nix/store/lrjd32f0avqd6n3gxp9scg5xcqsv08mv-etc.drv'...
building '/nix/store/jqfzp4445gqrmzskjf73qhrl7qr9b6fy-nixos-system-nixos-24.11.20240622.a71e967.drv'...
stopping the following units: accounts-daemon.service, kmsconvt@tty1.service
activating the configuration...
setting up /etc...
reloading user units for nossea...
restarting sysinit-reactivation.target
reloading the following units: dbus.service
restarting the following units: home-manager-nossea.service, nix-daemon.service, polkit.service
starting the following units: accounts-daemon.service
the following new units were started: getty@tty1.service, reload-systemd-vconsole-setup.service, sysinit-reactivation.target, system-getty.slice, systemd-tmpfiles-resetup.service
